<?xml version="1.0" encoding="utf-8"?><testsuites name="pytest tests"><testsuite name="pytest" errors="0" failures="0" skipped="0" tests="31" time="8.669" timestamp="2026-08-24T15:15:16.290062+00:00" hostname="agent-env-44fa971f-967b-4b5b-a2aa-ecb6c17169b7"><testcase classname="tests.backend_test.TestAuth" name="test_register_sets_cookies" time="1.423" /><testcase classname="tests.backend_test.TestBookings" name="test_create_package_booking" time="1.478" /><testcase classname="tests.backend_test.TestBookings" name="test_create_quote_booking" time="0.071" /><testcase classname="tests.backend_test.TestBookings" name="test_invalid_service" time="0.284" /><testcase classname="tests.backend_test.TestBookings" name="test_package_without_package_id" time="0.074" /><testcase classname="tests.backend_test.TestAuth" name="test_register_duplicate" time="0.662" /><testcase classname="tests.backend_test.TestBookings" name="test_bookings_require_auth" time="0.169" /><testcase classname="tests.backend_test.TestBookings" name="test_mine_only_own_bookings" time="0.087" /><testcase classname="tests.backend_test.TestAuth" name="test_register_weak_password_422" time="0.136" /><testcase classname="tests.backend_test.TestBookings" name="test_other_client_cannot_read_booking" time="0.718" /><testcase classname="tests.backend_test.TestAuth" name="test_admin_login" time="0.729" /><testcase classname="tests.backend_test.TestAuth" name="test_login_bad_password" time="0.594" /><testcase classname="tests.backend_test.TestAdmin" name="test_stats" time="0.669" /><testcase classname="tests.backend_test.TestAuth" name="test_me_unauthenticated" time="0.222" /><testcase classname="tests.backend_test.TestAdmin" name="test_non_admin_forbidden" time="0.393" /><testcase classname="tests.backend_test.TestAuth" name="test_bcrypt_hash_format" time="0.354" /><testcase classname="tests.backend_test.TestAdmin" name="test_admin_unauth_401" time="0.178" /><testcase classname="tests.backend_test.TestAuth" name="test_refresh_and_logout" time="0.780" /><testcase classname="tests.backend_test.TestAdmin" name="test_lists" time="0.521" /><testcase classname="tests.backend_test.TestAdmin" name="test_update_quote_booking_then_pay" time="0.917" /><testcase classname="tests.backend_test.TestAdmin" name="test_update_missing_booking_404" time="0.081" /><testcase classname="tests.backend_test.TestPayments" name="test_checkout_and_status" time="1.919" /><testcase classname="tests.backend_test.TestServices" name="test_root" time="0.507" /><testcase classname="tests.backend_test.TestServices" name="test_services_list" time="0.248" /><testcase classname="tests.backend_test.TestServices" name="test_service_detail_and_404" time="0.417" /><testcase classname="tests.backend_test.TestPayments" name="test_status_unknown_session_404" time="0.180" /><testcase classname="tests.backend_test.TestContact" name="test_submit_and_appears_in_admin" time="0.780" /><testcase classname="tests.backend_test.TestPayments" name="test_checkout_on_quote_without_amount_400" time="0.197" /><testcase classname="tests.backend_test.TestPayments" name="test_checkout_missing_booking_404" time="0.120" /><testcase classname="tests.backend_test.TestPayments" name="test_checkout_requires_auth" time="0.233" /><testcase classname="tests.backend_test.TestContact" name="test_invalid_contact_422" time="0.165" /></testsuite></testsuites>