<?xml version="1.0" encoding="utf-8"?><testsuites name="pytest tests"><testsuite name="pytest" errors="0" failures="0" skipped="0" tests="41" time="8.108" timestamp="2026-08-25T08:52:32.424535+00:00" hostname="agent-env-44fa971f-967b-4b5b-a2aa-ecb6c17169b7"><testcase classname="tests.backend_test.TestAuth" name="test_register_sets_cookies" time="1.591" /><testcase classname="tests.backend_test.TestPayments" name="test_checkout_graceful_400_with_placeholder_keys" time="1.570" /><testcase classname="tests.backend_test.TestPayments" name="test_verify_bad_signature_400" time="0.086" /><testcase classname="tests.backend_test.TestPayments" name="test_verify_good_signature_no_txn_404" time="0.255" /><testcase classname="tests.backend_test.TestPayments" name="test_verify_requires_auth" time="0.115" /><testcase classname="tests.backend_test.TestAuth" name="test_register_duplicate" time="0.463" /><testcase classname="tests.backend_test.TestPayments" name="test_verify_missing_fields_422" time="0.045" /><testcase classname="tests.backend_test.TestAuth" name="test_register_weak_password_422" time="0.159" /><testcase classname="tests.backend_test.TestPayments" name="test_verify_full_flow_with_seeded_txn" time="0.861" /><testcase classname="tests.backend_test.TestAuth" name="test_admin_login" time="0.347" /><testcase classname="tests.backend_test.TestAuth" name="test_login_bad_password" time="0.344" /><testcase classname="tests.backend_test.TestAuth" name="test_me_unauthenticated" time="0.107" /><testcase classname="tests.backend_test.TestPayments" name="test_verify_other_user_forbidden" time="0.593" /><testcase classname="tests.backend_test.TestAuth" name="test_bcrypt_hash_format" time="0.489" /><testcase classname="tests.backend_test.TestAuth" name="test_refresh_and_logout" time="0.484" /><testcase classname="tests.backend_test.TestPayments" name="test_webhook_bad_signature_400" time="0.300" /><testcase classname="tests.backend_test.TestPayments" name="test_webhook_missing_signature_400" time="0.095" /><testcase classname="tests.backend_test.TestPayments" name="test_webhook_valid_signature_marks_paid" time="0.532" /><testcase classname="tests.backend_test.TestBookings" name="test_create_package_booking" time="0.200" /><testcase classname="tests.backend_test.TestBookings" name="test_create_quote_booking" time="0.123" /><testcase classname="tests.backend_test.TestBookings" name="test_invalid_service" time="0.073" /><testcase classname="tests.backend_test.TestBookings" name="test_package_without_package_id" time="0.075" /><testcase classname="tests.backend_test.TestPayments" name="test_status_unknown_session_404" time="0.169" /><testcase classname="tests.backend_test.TestBookings" name="test_bookings_require_auth" time="0.119" /><testcase classname="tests.backend_test.TestBookings" name="test_mine_only_own_bookings" time="0.071" /><testcase classname="tests.backend_test.TestPayments" name="test_checkout_on_quote_without_amount_400" time="0.353" /><testcase classname="tests.backend_test.TestBookings" name="test_other_client_cannot_read_booking" time="0.373" /><testcase classname="tests.backend_test.TestPayments" name="test_checkout_missing_booking_404" time="0.043" /><testcase classname="tests.backend_test.TestPayments" name="test_checkout_requires_auth" time="0.157" /><testcase classname="tests.backend_test.TestServices" name="test_root" time="0.272" /><testcase classname="tests.backend_test.TestServices" name="test_services_list" time="0.104" /><testcase classname="tests.backend_test.TestAdmin" name="test_stats" time="0.542" /><testcase classname="tests.backend_test.TestServices" name="test_service_detail_and_404" time="0.233" /><testcase classname="tests.backend_test.TestAdmin" name="test_non_admin_forbidden" time="0.207" /><testcase classname="tests.backend_test.TestAdmin" name="test_admin_unauth_401" time="0.116" /><testcase classname="tests.backend_test.TestServices" name="test_all_package_amounts_inr" time="0.105" /><testcase classname="tests.backend_test.TestAdmin" name="test_lists" time="0.396" /><testcase classname="tests.backend_test.TestContact" name="test_submit_and_appears_in_admin" time="1.403" /><testcase classname="tests.backend_test.TestAdmin" name="test_update_quote_booking_then_pay" time="1.007" /><testcase classname="tests.backend_test.TestAdmin" name="test_update_missing_booking_404" time="0.061" /><testcase classname="tests.backend_test.TestContact" name="test_invalid_contact_422" time="0.122" /></testsuite></testsuites>